
==== Token Distribution Trees ====
Regular Greedy Search - Starting text: 'The cat sat on'
├── Step 1
│   ├── Token: ' the' - Prob: 0.454
│   ├── Token: ' a' - Prob: 0.110
│   ├── Token: ' her' - Prob: 0.101
│   ├── Token: ' its' - Prob: 0.093
│   ├── Token: ' his' - Prob: 0.082
│   ├── Token: ' top' - Prob: 0.028
│   ├── Token: ' my' - Prob: 0.027
│   ├── Token: ' one' - Prob: 0.023
│   ├── Token: ' it' - Prob: 0.009
│   ├── Token: ' an' - Prob: 0.008
│   ├── Token: ' me' - Prob: 0.004
│   ├── Token: ' him' - Prob: 0.004
│   ├── Token: ' their' - Prob: 0.003
│   ├── Token: ' that' - Prob: 0.002
│   ├── Token: ' another' - Prob: 0.002
│   ├── Token: ' this' - Prob: 0.001
│   ├── Token: ' our' - Prob: 0.001
│   ├── Token: ' two' - Prob: 0.001
│   ├── Token: ' some' - Prob: 0.001
│   ├── Token: ' each' - Prob: 0.001
│   ├── Token: ' them' - Prob: 0.001
│   ├── Token: ' both' - Prob: 0.001
│   ├── Token: ' your' - Prob: 0.001
│   ├── Token: ' all' - Prob: 0.001
│   ├── Token: ' and' - Prob: 0.001
│   ├── Token: ' edge' - Prob: 0.000
│   ├── Token: ' either' - Prob: 0.000
│   ├── Token: ' what' - Prob: 0.000
│   ├── Token: ' something' - Prob: 0.000
│   ├── Token: ' I' - Prob: 0.000
│   ├── Token: ' itself' - Prob: 0.000
│   ├── Token: ',' - Prob: 0.000
│   ├── Token: ' several' - Prob: 0.000
│   ├── Token: ' someone' - Prob: 0.000
│   ├── Token: ' Mr' - Prob: 0.000
│   ├── Token: ' every' - Prob: 0.000
│   ├── Token: ' three' - Prob: 0.000
│   ├── Token: ' end' - Prob: 0.000
│   ├── Token: ' L' - Prob: 0.000
│   ├── Token: ' those' - Prob: 0.000
│   ├── Token: ' K' - Prob: 0.000
│   ├── Token: ' front' - Prob: 0.000
│   ├── Token: ' Harry' - Prob: 0.000
│   ├── Token: ' D' - Prob: 0.000
│   ├── Token: ' mine' - Prob: 0.000
│   ├── Token: ' Ruby' - Prob: 0.000
│   ├── Token: ' The' - Prob: 0.000
│   ├── Token: ' grass' - Prob: 0.000
│   ├── Token: ' Lap' - Prob: 0.000
│   └── Token: ' hers' - Prob: 0.000
├── Step 2
│   ├── Token: ' floor' - Prob: 0.076
│   ├── Token: ' bed' - Prob: 0.065
│   ├── Token: ' couch' - Prob: 0.054
│   ├── Token: ' ground' - Prob: 0.052
│   ├── Token: ' edge' - Prob: 0.048
│   ├── Token: ' bench' - Prob: 0.032
│   ├── Token: ' table' - Prob: 0.032
│   ├── Token: ' sofa' - Prob: 0.029
│   ├── Token: ' other' - Prob: 0.020
│   ├── Token: ' back' - Prob: 0.019
│   ├── Token: ' side' - Prob: 0.017
│   ├── Token: ' chair' - Prob: 0.012
│   ├── Token: ' stool' - Prob: 0.011
│   ├── Token: ' top' - Prob: 0.011
│   ├── Token: ' grass' - Prob: 0.010
│   ├── Token: ' seat' - Prob: 0.009
│   ├── Token: ' wall' - Prob: 0.008
│   ├── Token: ' desk' - Prob: 0.007
│   ├── Token: ' cat' - Prob: 0.007
│   ├── Token: ' front' - Prob: 0.007
│   ├── Token: ' counter' - Prob: 0.007
│   ├── Token: ' porch' - Prob: 0.007
│   ├── Token: ' kitchen' - Prob: 0.007
│   ├── Token: ' end' - Prob: 0.006
│   ├── Token: ' bottom' - Prob: 0.006
│   ├── Token: ' roof' - Prob: 0.005
│   ├── Token: ' right' - Prob: 0.005
│   ├── Token: ' shelf' - Prob: 0.005
│   ├── Token: ' toilet' - Prob: 0.005
│   ├── Token: ' corner' - Prob: 0.004
│   ├── Token: ' mat' - Prob: 0.004
│   ├── Token: ' far' - Prob: 0.004
│   ├── Token: ' lap' - Prob: 0.004
│   ├── Token: ' left' - Prob: 0.004
│   ├── Token: ' head' - Prob: 0.004
│   ├── Token: ' window' - Prob: 0.003
│   ├── Token: ' opposite' - Prob: 0.003
│   ├── Token: ' throne' - Prob: 0.003
│   ├── Token: ' railing' - Prob: 0.003
│   ├── Token: ' deck' - Prob: 0.003
│   ├── Token: ' curb' - Prob: 0.003
│   ├── Token: ' carpet' - Prob: 0.003
│   ├── Token: ' pillow' - Prob: 0.003
│   ├── Token: ' ledge' - Prob: 0.003
│   ├── Token: ' small' - Prob: 0.003
│   ├── Token: ' dining' - Prob: 0.003
│   ├── Token: ' wooden' - Prob: 0.003
│   ├── Token: ' cushion' - Prob: 0.003
│   ├── Token: ' same' - Prob: 0.002
│   └── Token: ' door' - Prob: 0.002
├── Step 3
│   ├── Token: ',' - Prob: 0.261
│   ├── Token: ' and' - Prob: 0.122
│   ├── Token: ' of' - Prob: 0.086
│   ├── Token: '.' - Prob: 0.069
│   ├── Token: ' with' - Prob: 0.064
│   ├── Token: ' in' - Prob: 0.061
│   ├── Token: ' for' - Prob: 0.034
│   ├── Token: ' as' - Prob: 0.021
│   ├── Token: ' while' - Prob: 0.015
│   ├── Token: ' next' - Prob: 0.014
│   ├── Token: ' like' - Prob: 0.013
│   ├── Token: ' beside' - Prob: 0.009
│   ├── Token: ' on' - Prob: 0.009
│   ├── Token: ' at' - Prob: 0.008
│   ├── Token: ' by' - Prob: 0.006
│   ├── Token: ' looking' - Prob: 0.006
│   ├── Token: ';' - Prob: 0.005
│   ├── Token: ' to' - Prob: 0.005
│   ├── Token: ' waiting' - Prob: 0.004
│   ├── Token: ' watching' - Prob: 0.004
│   ├── Token: ' until' - Prob: 0.004
│   ├── Token: ' before' - Prob: 0.003
│   ├── Token: ' between' - Prob: 0.003
│   ├── Token: ' behind' - Prob: 0.003
│   ├── Token: ' crying' - Prob: 0.003
│   ├── Token: ' trying' - Prob: 0.003
│   ├── Token: ' staring' - Prob: 0.002
│   ├── Token: ' when' - Prob: 0.002
│   ├── Token: ' so' - Prob: 0.002
│   ├── Token: ' without' - Prob: 0.002
│   ├── Token: ' but' - Prob: 0.002
│   ├── Token: ' under' - Prob: 0.002
│   ├── Token: ' covered' - Prob: 0.002
│   ├── Token: ' across' - Prob: 0.002
│   ├── Token: ' thinking' - Prob: 0.002
│   ├── Token: ' after' - Prob: 0.002
│   ├── Token: ' outside' - Prob: 0.002
│   ├── Token: ' where' - Prob: 0.002
│   ├── Token: ' facing' - Prob: 0.002
│   ├── Token: ' a' - Prob: 0.002
│   ├── Token: ' that' - Prob: 0.002
│   ├── Token: ' all' - Prob: 0.002
│   ├── Token: ' near' - Prob: 0.001
│   ├── Token: ' or' - Prob: 0.001
│   ├── Token: ' above' - Prob: 0.001
│   ├── Token: ' holding' - Prob: 0.001
│   ├── Token: ' from' - Prob: 0.001
│   ├── Token: ' laughing' - Prob: 0.001
│   ├── Token: '."' - Prob: 0.001
│   └── Token: ' quietly' - Prob: 0.001
├── Step 4
│   ├── Token: ' and' - Prob: 0.048
│   ├── Token: ' his' - Prob: 0.042
│   ├── Token: ' her' - Prob: 0.037
│   ├── Token: ' its' - Prob: 0.037
│   ├── Token: ' staring' - Prob: 0.034
│   ├── Token: ' looking' - Prob: 0.031
│   ├── Token: ' watching' - Prob: 0.018
│   ├── Token: ' the' - Prob: 0.017
│   ├── Token: ' waiting' - Prob: 0.014
│   ├── Token: ' still' - Prob: 0.011
│   ├── Token: ' with' - Prob: 0.011
│   ├── Token: ' a' - Prob: 0.010
│   ├── Token: ' but' - Prob: 0.010
│   ├── Token: ' holding' - Prob: 0.010
│   ├── Token: ' resting' - Prob: 0.009
│   ├── Token: ' trying' - Prob: 0.008
│   ├── Token: ' listening' - Prob: 0.008
│   ├── Token: ' as' - Prob: 0.008
│   ├── Token: ' in' - Prob: 0.007
│   ├── Token: ' curled' - Prob: 0.007
│   ├── Token: ' while' - Prob: 0.006
│   ├── Token: ' not' - Prob: 0.005
│   ├── Token: ' eyes' - Prob: 0.005
│   ├── Token: ' eating' - Prob: 0.005
│   ├── Token: ' which' - Prob: 0.005
│   ├── Token: ' then' - Prob: 0.005
│   ├── Token: ' facing' - Prob: 0.004
│   ├── Token: ' gazing' - Prob: 0.004
│   ├── Token: ' chewing' - Prob: 0.004
│   ├── Token: ' unable' - Prob: 0.004
│   ├── Token: ' it' - Prob: 0.004
│   ├── Token: ' covered' - Prob: 0.004
│   ├── Token: ' licking' - Prob: 0.004
│   ├── Token: ' ready' - Prob: 0.004
│   ├── Token: ' sniff' - Prob: 0.004
│   ├── Token: ' so' - Prob: 0.003
│   ├── Token: ' shaking' - Prob: 0.003
│   ├── Token: ' pant' - Prob: 0.003
│   ├── Token: ' breathing' - Prob: 0.003
│   ├── Token: ' rubbing' - Prob: 0.003
│   ├── Token: ' clutching' - Prob: 0.003
│   ├── Token: ' silently' - Prob: 0.003
│   ├── Token: ' thinking' - Prob: 0.003
│   ├── Token: ' on' - Prob: 0.003
│   ├── Token: ' like' - Prob: 0.003
│   ├── Token: ' she' - Prob: 0.003
│   ├── Token: ' leaning' - Prob: 0.003
│   ├── Token: ' slowly' - Prob: 0.003
│   ├── Token: ' taking' - Prob: 0.003
│   └── Token: ' hands' - Prob: 0.003
├── Step 5
│   ├── Token: ' the' - Prob: 0.128
│   ├── Token: ' he' - Prob: 0.047
│   ├── Token: ' his' - Prob: 0.045
│   ├── Token: ' I' - Prob: 0.044
│   ├── Token: ' she' - Prob: 0.036
│   ├── Token: ' her' - Prob: 0.031
│   ├── Token: ' it' - Prob: 0.028
│   ├── Token: ' a' - Prob: 0.020
│   ├── Token: ' then' - Prob: 0.018
│   ├── Token: ' when' - Prob: 0.017
│   ├── Token: ' as' - Prob: 0.016
│   ├── Token: ' looked' - Prob: 0.014
│   ├── Token: ' in' - Prob: 0.013
│   ├── Token: ' my' - Prob: 0.011
│   ├── Token: ' its' - Prob: 0.011
│   ├── Token: ' with' - Prob: 0.010
│   ├── Token: ' there' - Prob: 0.009
│   ├── Token: ' was' - Prob: 0.009
│   ├── Token: ' while' - Prob: 0.007
│   ├── Token: ' we' - Prob: 0.007
│   ├── Token: ' stared' - Prob: 0.007
│   ├── Token: ',' - Prob: 0.005
│   ├── Token: ' said' - Prob: 0.005
│   ├── Token: ' at' - Prob: 0.005
│   ├── Token: ' one' - Prob: 0.005
│   ├── Token: ' after' - Prob: 0.005
│   ├── Token: ' for' - Prob: 0.005
│   ├── Token: ' they' - Prob: 0.005
│   ├── Token: ' slowly' - Prob: 0.004
│   ├── Token: ' sat' - Prob: 0.004
│   ├── Token: ' on' - Prob: 0.004
│   ├── Token: ' that' - Prob: 0.004
│   ├── Token: ' began' - Prob: 0.004
│   ├── Token: ' all' - Prob: 0.004
│   ├── Token: ' watched' - Prob: 0.003
│   ├── Token: ' had' - Prob: 0.003
│   ├── Token: ' suddenly' - Prob: 0.003
│   ├── Token: ' took' - Prob: 0.003
│   ├── Token: ' Harry' - Prob: 0.003
│   ├── Token: ' held' - Prob: 0.003
│   ├── Token: ' you' - Prob: 0.003
│   ├── Token: ' felt' - Prob: 0.003
│   ├── Token: ' waited' - Prob: 0.003
│   ├── Token: ' before' - Prob: 0.002
│   ├── Token: ' to' - Prob: 0.002
│   ├── Token: ' started' - Prob: 0.002
│   ├── Token: ' if' - Prob: 0.002
│   ├── Token: ' by' - Prob: 0.002
│   ├── Token: ' even' - Prob: 0.002
│   └── Token: ' this' - Prob: 0.002
├── Step 6
│   ├── Token: ' cat' - Prob: 0.080
│   ├── Token: ' dog' - Prob: 0.045
│   ├── Token: ' man' - Prob: 0.023
│   ├── Token: ' woman' - Prob: 0.020
│   ├── Token: ' girl' - Prob: 0.010
│   ├── Token: ' other' - Prob: 0.010
│   ├── Token: ' two' - Prob: 0.007
│   ├── Token: ' boy' - Prob: 0.007
│   ├── Token: ' voice' - Prob: 0.006
│   ├── Token: ' rabbit' - Prob: 0.006
│   ├── Token: ' rest' - Prob: 0.006
│   ├── Token: ' kitten' - Prob: 0.006
│   ├── Token: ' mouse' - Prob: 0.006
│   ├── Token: ' mother' - Prob: 0.006
│   ├── Token: ' door' - Prob: 0.005
│   ├── Token: ' bird' - Prob: 0.005
│   ├── Token: ' owner' - Prob: 0.005
│   ├── Token: ' words' - Prob: 0.005
│   ├── Token: ' wolf' - Prob: 0.004
│   ├── Token: ' sound' - Prob: 0.004
│   ├── Token: ' head' - Prob: 0.004
│   ├── Token: ' white' - Prob: 0.004
│   ├── Token: ' fox' - Prob: 0.004
│   ├── Token: ' baby' - Prob: 0.004
│   ├── Token: ' air' - Prob: 0.003
│   ├── Token: ' light' - Prob: 0.003
│   ├── Token: ' dogs' - Prob: 0.003
│   ├── Token: ' little' - Prob: 0.003
│   ├── Token: ' water' - Prob: 0.003
│   ├── Token: ' animal' - Prob: 0.003
│   ├── Token: ' sun' - Prob: 0.003
│   ├── Token: ' wind' - Prob: 0.003
│   ├── Token: ' tiger' - Prob: 0.003
│   ├── Token: ' black' - Prob: 0.003
│   ├── Token: ' f' - Prob: 0.003
│   ├── Token: ' house' - Prob: 0.003
│   ├── Token: ' young' - Prob: 0.003
│   ├── Token: ' room' - Prob: 0.003
│   ├── Token: ' cats' - Prob: 0.003
│   ├── Token: ' p' - Prob: 0.003
│   ├── Token: ' floor' - Prob: 0.003
│   ├── Token: ' red' - Prob: 0.003
│   ├── Token: ' ball' - Prob: 0.003
│   ├── Token: ' l' - Prob: 0.003
│   ├── Token: ' lion' - Prob: 0.002
│   ├── Token: ' child' - Prob: 0.002
│   ├── Token: ' creature' - Prob: 0.002
│   ├── Token: ' next' - Prob: 0.002
│   ├── Token: ' noise' - Prob: 0.002
│   └── Token: ' owl' - Prob: 0.002
├── Step 7
│   ├── Token: ' was' - Prob: 0.086
│   ├── Token: ' sat' - Prob: 0.069
│   ├── Token: ''s' - Prob: 0.056
│   ├── Token: ' looked' - Prob: 0.051
│   ├── Token: ' had' - Prob: 0.034
│   ├── Token: ' laid' - Prob: 0.015
│   ├── Token: ' took' - Prob: 0.014
│   ├── Token: ' ate' - Prob: 0.013
│   ├── Token: ' stood' - Prob: 0.013
│   ├── Token: ' did' - Prob: 0.012
│   ├── Token: ' didn' - Prob: 0.011
│   ├── Token: ' kept' - Prob: 0.011
│   ├── Token: ' turned' - Prob: 0.010
│   ├── Token: ' walked' - Prob: 0.010
│   ├── Token: ' started' - Prob: 0.010
│   ├── Token: ',' - Prob: 0.009
│   ├── Token: ' lay' - Prob: 0.009
│   ├── Token: ' said' - Prob: 0.008
│   ├── Token: ' stared' - Prob: 0.008
│   ├── Token: ' scratched' - Prob: 0.008
│   ├── Token: ' put' - Prob: 0.007
│   ├── Token: ' began' - Prob: 0.007
│   ├── Token: ' went' - Prob: 0.007
│   ├── Token: ' came' - Prob: 0.007
│   ├── Token: ' ran' - Prob: 0.006
│   ├── Token: ' slowly' - Prob: 0.006
│   ├── Token: ' leaned' - Prob: 0.006
│   ├── Token: ' gave' - Prob: 0.005
│   ├── Token: ' held' - Prob: 0.005
│   ├── Token: ' tried' - Prob: 0.005
│   ├── Token: ' in' - Prob: 0.005
│   ├── Token: ' made' - Prob: 0.005
│   ├── Token: ' seemed' - Prob: 0.005
│   ├── Token: ' cried' - Prob: 0.005
│   ├── Token: ' let' - Prob: 0.005
│   ├── Token: ' got' - Prob: 0.005
│   ├── Token: ' could' - Prob: 0.004
│   ├── Token: ' felt' - Prob: 0.004
│   ├── Token: ' moved' - Prob: 0.004
│   ├── Token: ' just' - Prob: 0.004
│   ├── Token: ' would' - Prob: 0.004
│   ├── Token: ' knew' - Prob: 0.004
│   ├── Token: ' raised' - Prob: 0.004
│   ├── Token: ' saw' - Prob: 0.004
│   ├── Token: ' shook' - Prob: 0.004
│   ├── Token: ' stayed' - Prob: 0.004
│   ├── Token: ' reached' - Prob: 0.004
│   ├── Token: ' watched' - Prob: 0.003
│   ├── Token: ' and' - Prob: 0.003
│   └── Token: ' fell' - Prob: 0.003
├── Step 8
│   ├── Token: ' still' - Prob: 0.035
│   ├── Token: ' sitting' - Prob: 0.028
│   ├── Token: ' not' - Prob: 0.016
│   ├── Token: ' so' - Prob: 0.015
│   ├── Token: ' in' - Prob: 0.015
│   ├── Token: ' very' - Prob: 0.014
│   ├── Token: ' lying' - Prob: 0.014
│   ├── Token: ' a' - Prob: 0.013
│   ├── Token: ' staring' - Prob: 0.012
│   ├── Token: ' looking' - Prob: 0.012
│   ├── Token: ' on' - Prob: 0.011
│   ├── Token: ' the' - Prob: 0.010
│   ├── Token: ' crying' - Prob: 0.010
│   ├── Token: ' there' - Prob: 0.010
│   ├── Token: ' asleep' - Prob: 0.010
│   ├── Token: ' already' - Prob: 0.010
│   ├── Token: ' dead' - Prob: 0.009
│   ├── Token: ' about' - Prob: 0.009
│   ├── Token: ' holding' - Prob: 0.009
│   ├── Token: ' gone' - Prob: 0.008
│   ├── Token: ' waiting' - Prob: 0.008
│   ├── Token: ' trying' - Prob: 0.008
│   ├── Token: ' eating' - Prob: 0.007
│   ├── Token: ' covered' - Prob: 0.007
│   ├── Token: ' just' - Prob: 0.007
│   ├── Token: ' sleeping' - Prob: 0.006
│   ├── Token: ' standing' - Prob: 0.006
│   ├── Token: ' watching' - Prob: 0.006
│   ├── Token: ' laying' - Prob: 0.006
│   ├── Token: ' all' - Prob: 0.006
│   ├── Token: ' too' - Prob: 0.006
│   ├── Token: ' completely' - Prob: 0.005
│   ├── Token: ' slowly' - Prob: 0.005
│   ├── Token: ' licking' - Prob: 0.005
│   ├── Token: ' curled' - Prob: 0.004
│   ├── Token: ' now' - Prob: 0.004
│   ├── Token: ' silent' - Prob: 0.004
│   ├── Token: ' alone' - Prob: 0.004
│   ├── Token: ' right' - Prob: 0.004
│   ├── Token: ' no' - Prob: 0.004
│   ├── Token: ' only' - Prob: 0.004
│   ├── Token: ' moving' - Prob: 0.004
│   ├── Token: ' playing' - Prob: 0.004
│   ├── Token: ' taken' - Prob: 0.004
│   ├── Token: ' doing' - Prob: 0.004
│   ├── Token: ' almost' - Prob: 0.004
│   ├── Token: ' resting' - Prob: 0.004
│   ├── Token: ' quite' - Prob: 0.004
│   ├── Token: ' quiet' - Prob: 0.004
│   └── Token: ' out' - Prob: 0.004
├── Step 9
│   ├── Token: ' asleep' - Prob: 0.124
│   ├── Token: ' there' - Prob: 0.080
│   ├── Token: ' in' - Prob: 0.039
│   ├── Token: ' sitting' - Prob: 0.033
│   ├── Token: ' on' - Prob: 0.030
│   ├── Token: ' sleeping' - Prob: 0.029
│   ├── Token: ' breathing' - Prob: 0.026
│   ├── Token: ' standing' - Prob: 0.020
│   ├── Token: ' alive' - Prob: 0.020
│   ├── Token: '.' - Prob: 0.018
│   ├── Token: ' awake' - Prob: 0.017
│   ├── Token: ' laying' - Prob: 0.015
│   ├── Token: ' lying' - Prob: 0.014
│   ├── Token: ' looking' - Prob: 0.012
│   ├── Token: ' moving' - Prob: 0.011
│   ├── Token: ' eating' - Prob: 0.011
│   ├── Token: ' holding' - Prob: 0.010
│   ├── Token: ' staring' - Prob: 0.009
│   ├── Token: ' curled' - Prob: 0.009
│   ├── Token: ',' - Prob: 0.009
│   ├── Token: ' trying' - Prob: 0.008
│   ├── Token: ' licking' - Prob: 0.006
│   ├── Token: ' crying' - Prob: 0.006
│   ├── Token: ' chewing' - Prob: 0.006
│   ├── Token: ' inside' - Prob: 0.006
│   ├── Token: ' playing' - Prob: 0.005
│   ├── Token: ' waiting' - Prob: 0.005
│   ├── Token: ' very' - Prob: 0.005
│   ├── Token: ' not' - Prob: 0.005
│   ├── Token: ' with' - Prob: 0.005
│   ├── Token: ' at' - Prob: 0.005
│   ├── Token: ' a' - Prob: 0.004
│   ├── Token: ' conscious' - Prob: 0.004
│   ├── Token: ' talking' - Prob: 0.004
│   ├── Token: ' feeding' - Prob: 0.004
│   ├── Token: ' watching' - Prob: 0.004
│   ├── Token: ' up' - Prob: 0.004
│   ├── Token: ' doing' - Prob: 0.004
│   ├── Token: ' going' - Prob: 0.004
│   ├── Token: ' out' - Prob: 0.003
│   ├── Token: ' down' - Prob: 0.003
│   ├── Token: ' warm' - Prob: 0.003
│   ├── Token: ' dead' - Prob: 0.003
│   ├── Token: ' resting' - Prob: 0.003
│   ├── Token: ' here' - Prob: 0.003
│   ├── Token: ' wearing' - Prob: 0.003
│   ├── Token: ' still' - Prob: 0.003
│   ├── Token: ' smiling' - Prob: 0.003
│   ├── Token: ' running' - Prob: 0.003
│   └── Token: ' quite' - Prob: 0.002
└── Step 10
    ├── Token: '.' - Prob: 0.617
    ├── Token: ',' - Prob: 0.163
    ├── Token: ' when' - Prob: 0.024
    ├── Token: ' in' - Prob: 0.024
    ├── Token: ' on' - Prob: 0.014
    ├── Token: ' by' - Prob: 0.013
    ├── Token: ';' - Prob: 0.011
    ├── Token: ' and' - Prob: 0.009
    ├── Token: ' at' - Prob: 0.008
    ├── Token: ' with' - Prob: 0.008
    ├── Token: '."' - Prob: 0.006
    ├── Token: ' as' - Prob: 0.005
    ├── Token: ' under' - Prob: 0.004
    ├── Token: ' inside' - Prob: 0.003
    ├── Token: '
    │   ' - Prob: 0.003
    ├── Token: ' for' - Prob: 0.003
    ├── Token: '...' - Prob: 0.003
    ├── Token: ' after' - Prob: 0.003
    ├── Token: '—' - Prob: 0.003
    ├── Token: ' while' - Prob: 0.002
    ├── Token: '!' - Prob: 0.002
    ├── Token: ' there' - Prob: 0.002
    ├── Token: ' (' - Prob: 0.002
    ├── Token: ',"' - Prob: 0.002
    ├── Token: ' beside' - Prob: 0.002
    ├── Token: ' before' - Prob: 0.002
    ├── Token: ' so' - Prob: 0.002
    ├── Token: ' until' - Prob: 0.002
    ├── Token: '…' - Prob: 0.001
    ├── Token: ' but' - Prob: 0.001
    ├── Token: ' to' - Prob: 0.001
    ├── Token: ' .' - Prob: 0.001
    ├── Token: ' -' - Prob: 0.001
    ├── Token: ' from' - Prob: 0.001
    ├── Token: ' next' - Prob: 0.001
    ├── Token: ' because' - Prob: 0.001
    ├── Token: ' underneath' - Prob: 0.001
    ├── Token: ':' - Prob: 0.001
    ├── Token: ' —' - Prob: 0.001
    ├── Token: ' asleep' - Prob: 0.001
    ├── Token: ' within' - Prob: 0.001
    ├── Token: ' or' - Prob: 0.001
    ├── Token: ' behind' - Prob: 0.001
    ├── Token: ' –' - Prob: 0.001
    ├── Token: '--' - Prob: 0.001
    ├── Token: ' too' - Prob: 0.001
    ├── Token: ' just' - Prob: 0.001
    ├── Token: ' a' - Prob: 0.001
    ├── Token: ' the' - Prob: 0.001
    └── Token: ' waiting' - Prob: 0.001


Custom Greedy Search (5th token) - Starting text: 'The cat sat on'
├── Step 1
│   ├── Token: ' the' - Prob: 0.454
│   ├── Token: ' a' - Prob: 0.110
│   ├── Token: ' her' - Prob: 0.101
│   ├── Token: ' its' - Prob: 0.093
│   ├── Token: ' his' - Prob: 0.082
│   ├── Token: ' top' - Prob: 0.028
│   ├── Token: ' my' - Prob: 0.027
│   ├── Token: ' one' - Prob: 0.023
│   ├── Token: ' it' - Prob: 0.009
│   ├── Token: ' an' - Prob: 0.008
│   ├── Token: ' me' - Prob: 0.004
│   ├── Token: ' him' - Prob: 0.004
│   ├── Token: ' their' - Prob: 0.003
│   ├── Token: ' that' - Prob: 0.002
│   ├── Token: ' another' - Prob: 0.002
│   ├── Token: ' this' - Prob: 0.001
│   ├── Token: ' our' - Prob: 0.001
│   ├── Token: ' two' - Prob: 0.001
│   ├── Token: ' some' - Prob: 0.001
│   ├── Token: ' each' - Prob: 0.001
│   ├── Token: ' them' - Prob: 0.001
│   ├── Token: ' both' - Prob: 0.001
│   ├── Token: ' your' - Prob: 0.001
│   ├── Token: ' all' - Prob: 0.001
│   ├── Token: ' and' - Prob: 0.001
│   ├── Token: ' edge' - Prob: 0.000
│   ├── Token: ' either' - Prob: 0.000
│   ├── Token: ' what' - Prob: 0.000
│   ├── Token: ' something' - Prob: 0.000
│   ├── Token: ' I' - Prob: 0.000
│   ├── Token: ' itself' - Prob: 0.000
│   ├── Token: ',' - Prob: 0.000
│   ├── Token: ' several' - Prob: 0.000
│   ├── Token: ' someone' - Prob: 0.000
│   ├── Token: ' Mr' - Prob: 0.000
│   ├── Token: ' every' - Prob: 0.000
│   ├── Token: ' three' - Prob: 0.000
│   ├── Token: ' end' - Prob: 0.000
│   ├── Token: ' L' - Prob: 0.000
│   ├── Token: ' those' - Prob: 0.000
│   ├── Token: ' K' - Prob: 0.000
│   ├── Token: ' front' - Prob: 0.000
│   ├── Token: ' Harry' - Prob: 0.000
│   ├── Token: ' D' - Prob: 0.000
│   ├── Token: ' mine' - Prob: 0.000
│   ├── Token: ' Ruby' - Prob: 0.000
│   ├── Token: ' The' - Prob: 0.000
│   ├── Token: ' grass' - Prob: 0.000
│   ├── Token: ' Lap' - Prob: 0.000
│   └── Token: ' hers' - Prob: 0.000
├── Step 2
│   ├── Token: ' back' - Prob: 0.194
│   ├── Token: ' lap' - Prob: 0.126
│   ├── Token: ' stomach' - Prob: 0.073
│   ├── Token: ' side' - Prob: 0.055
│   ├── Token: ' shoulder' - Prob: 0.040
│   ├── Token: ' head' - Prob: 0.031
│   ├── Token: ' hind' - Prob: 0.028
│   ├── Token: ' bed' - Prob: 0.028
│   ├── Token: ' haun' - Prob: 0.027
│   ├── Token: ' chest' - Prob: 0.021
│   ├── Token: ' belly' - Prob: 0.016
│   ├── Token: ' paws' - Prob: 0.012
│   ├── Token: ' left' - Prob: 0.012
│   ├── Token: ' front' - Prob: 0.011
│   ├── Token: ' knees' - Prob: 0.010
│   ├── Token: ' mother' - Prob: 0.008
│   ├── Token: ' shoulders' - Prob: 0.007
│   ├── Token: ' right' - Prob: 0.007
│   ├── Token: ' desk' - Prob: 0.006
│   ├── Token: ' hip' - Prob: 0.006
│   ├── Token: ' stool' - Prob: 0.006
│   ├── Token: ' tail' - Prob: 0.006
│   ├── Token: ' throne' - Prob: 0.006
│   ├── Token: ' hands' - Prob: 0.005
│   ├── Token: ' face' - Prob: 0.005
│   ├── Token: ' feet' - Prob: 0.005
│   ├── Token: ' neck' - Prob: 0.005
│   ├── Token: ' knee' - Prob: 0.005
│   ├── Token: ' leg' - Prob: 0.005
│   ├── Token: ' chair' - Prob: 0.005
│   ├── Token: ' pillow' - Prob: 0.004
│   ├── Token: ' own' - Prob: 0.004
│   ├── Token: ' seat' - Prob: 0.003
│   ├── Token: ' chin' - Prob: 0.003
│   ├── Token: ' father' - Prob: 0.003
│   ├── Token: ' ass' - Prob: 0.003
│   ├── Token: ' legs' - Prob: 0.003
│   ├── Token: ' arm' - Prob: 0.003
│   ├── Token: ' breast' - Prob: 0.003
│   ├── Token: ' forehead' - Prob: 0.002
│   ├── Token: ' crate' - Prob: 0.002
│   ├── Token: ' couch' - Prob: 0.002
│   ├── Token: ' paw' - Prob: 0.002
│   ├── Token: ' nose' - Prob: 0.002
│   ├── Token: ' thigh' - Prob: 0.002
│   ├── Token: ' hand' - Prob: 0.002
│   ├── Token: ' elbows' - Prob: 0.002
│   ├── Token: ' owner' - Prob: 0.002
│   ├── Token: ' butt' - Prob: 0.001
│   └── Token: ' toes' - Prob: 0.001
├── Step 3
│   ├── Token: ',' - Prob: 0.353
│   ├── Token: ' and' - Prob: 0.203
│   ├── Token: '.' - Prob: 0.109
│   ├── Token: ' as' - Prob: 0.062
│   ├── Token: ' for' - Prob: 0.029
│   ├── Token: ' in' - Prob: 0.026
│   ├── Token: ' with' - Prob: 0.026
│   ├── Token: ' while' - Prob: 0.018
│   ├── Token: ' like' - Prob: 0.015
│   ├── Token: ' to' - Prob: 0.005
│   ├── Token: ';' - Prob: 0.005
│   ├── Token: ' before' - Prob: 0.005
│   ├── Token: ' on' - Prob: 0.004
│   ├── Token: ' waiting' - Prob: 0.004
│   ├── Token: ' at' - Prob: 0.004
│   ├── Token: ' when' - Prob: 0.004
│   ├── Token: ' looking' - Prob: 0.004
│   ├── Token: ' by' - Prob: 0.003
│   ├── Token: ' so' - Prob: 0.002
│   ├── Token: ' a' - Prob: 0.002
│   ├── Token: ' watching' - Prob: 0.002
│   ├── Token: ' until' - Prob: 0.002
│   ├── Token: ' next' - Prob: 0.002
│   ├── Token: ' but' - Prob: 0.002
│   ├── Token: ' trying' - Prob: 0.002
│   ├── Token: ' after' - Prob: 0.002
│   ├── Token: ' the' - Prob: 0.001
│   ├── Token: '."' - Prob: 0.001
│   ├── Token: '
│   │   ' - Prob: 0.001
│   ├── Token: ' saying' - Prob: 0.001
│   ├── Token: ' holding' - Prob: 0.001
│   ├── Token: ' from' - Prob: 0.001
│   ├── Token: ' beside' - Prob: 0.001
│   ├── Token: ' all' - Prob: 0.001
│   ├── Token: ' just' - Prob: 0.001
│   ├── Token: ' without' - Prob: 0.001
│   ├── Token: ':' - Prob: 0.001
│   ├── Token: ' -' - Prob: 0.001
│   ├── Token: ' resting' - Prob: 0.001
│   ├── Token: ' where' - Prob: 0.001
│   ├── Token: ' till' - Prob: 0.001
│   ├── Token: ' again' - Prob: 0.001
│   ├── Token: ' facing' - Prob: 0.001
│   ├── Token: ' during' - Prob: 0.001
│   ├── Token: ' or' - Prob: 0.001
│   ├── Token: ' (' - Prob: 0.001
│   ├── Token: ' near' - Prob: 0.001
│   ├── Token: ' thinking' - Prob: 0.001
│   ├── Token: ' of' - Prob: 0.001
│   └── Token: ' staring' - Prob: 0.001
├── Step 4
│   ├── Token: ' a' - Prob: 0.519
│   ├── Token: ' about' - Prob: 0.057
│   ├── Token: ' the' - Prob: 0.049
│   ├── Token: ' an' - Prob: 0.029
│   ├── Token: ' several' - Prob: 0.028
│   ├── Token: ' some' - Prob: 0.023
│   ├── Token: ' dear' - Prob: 0.013
│   ├── Token: ' hours' - Prob: 0.013
│   ├── Token: ' as' - Prob: 0.011
│   ├── Token: ' two' - Prob: 0.011
│   ├── Token: ' another' - Prob: 0.010
│   ├── Token: ' three' - Prob: 0.008
│   ├── Token: ' more' - Prob: 0.008
│   ├── Token: ' most' - Prob: 0.007
│   ├── Token: ' just' - Prob: 0.007
│   ├── Token: ' almost' - Prob: 0.007
│   ├── Token: ' half' - Prob: 0.006
│   ├── Token: ' quite' - Prob: 0.006
│   ├── Token: ' long' - Prob: 0.005
│   ├── Token: ' awhile' - Prob: 0.005
│   ├── Token: ' nearly' - Prob: 0.005
│   ├── Token: ' five' - Prob: 0.005
│   ├── Token: ' over' - Prob: 0.005
│   ├── Token: ' ten' - Prob: 0.004
│   ├── Token: ' one' - Prob: 0.004
│   ├── Token: ' so' - Prob: 0.004
│   ├── Token: ' 10' - Prob: 0.004
│   ├── Token: ' all' - Prob: 0.004
│   ├── Token: ' much' - Prob: 0.004
│   ├── Token: ' too' - Prob: 0.004
│   ├── Token: ' at' - Prob: 0.004
│   ├── Token: ' four' - Prob: 0.003
│   ├── Token: ' what' - Prob: 0.003
│   ├── Token: ' only' - Prob: 0.003
│   ├── Token: ' his' - Prob: 0.003
│   ├── Token: ' 15' - Prob: 0.003
│   ├── Token: ' many' - Prob: 0.003
│   ├── Token: ' days' - Prob: 0.003
│   ├── Token: ' six' - Prob: 0.003
│   ├── Token: ' support' - Prob: 0.002
│   ├── Token: ' 30' - Prob: 0.002
│   ├── Token: ' 20' - Prob: 0.002
│   ├── Token: ' me' - Prob: 0.002
│   ├── Token: ' no' - Prob: 0.002
│   ├── Token: ' her' - Prob: 0.002
│   ├── Token: ' eight' - Prob: 0.002
│   ├── Token: ' seven' - Prob: 0.002
│   ├── Token: ' weeks' - Prob: 0.001
│   ├── Token: ' maybe' - Prob: 0.001
│   └── Token: ' him' - Prob: 0.001
├── Step 5
│   ├── Token: ' minutes' - Prob: 0.402
│   ├── Token: ' seconds' - Prob: 0.219
│   ├── Token: ' moments' - Prob: 0.157
│   ├── Token: ' hours' - Prob: 0.048
│   ├── Token: ' more' - Prob: 0.030
│   ├── Token: ' days' - Prob: 0.021
│   ├── Token: ' long' - Prob: 0.010
│   ├── Token: ' years' - Prob: 0.006
│   ├── Token: ' months' - Prob: 0.006
│   ├── Token: ' weeks' - Prob: 0.005
│   ├── Token: ' breaths' - Prob: 0.005
│   ├── Token: ' reasons' - Prob: 0.004
│   ├── Token: ' hundred' - Prob: 0.004
│   ├── Token: ' feet' - Prob: 0.003
│   ├── Token: ' short' - Prob: 0.002
│   ├── Token: ' laps' - Prob: 0.002
│   ├── Token: ' inches' - Prob: 0.002
│   ├── Token: ' steps' - Prob: 0.001
│   ├── Token: ' second' - Prob: 0.001
│   ├── Token: ' yards' - Prob: 0.001
│   ├── Token: ' tense' - Prob: 0.001
│   ├── Token: ' longer' - Prob: 0.001
│   ├── Token: ' of' - Prob: 0.001
│   ├── Token: ' deep' - Prob: 0.001
│   ├── Token: ' times' - Prob: 0.001
│   ├── Token: ' brief' - Prob: 0.001
│   ├── Token: ' stretches' - Prob: 0.001
│   ├── Token: ' miles' - Prob: 0.001
│   ├── Token: ' minute' - Prob: 0.001
│   ├── Token: ' periods' - Prob: 0.001
│   ├── Token: ' p' - Prob: 0.001
│   ├── Token: ' tries' - Prob: 0.001
│   ├── Token: ' solid' - Prob: 0.001
│   ├── Token: ' rows' - Prob: 0.001
│   ├── Token: ',' - Prob: 0.001
│   ├── Token: ' good' - Prob: 0.001
│   ├── Token: ' full' - Prob: 0.001
│   ├── Token: ' min' - Prob: 0.001
│   ├── Token: ' agon' - Prob: 0.001
│   ├── Token: ' thousand' - Prob: 0.001
│   ├── Token: ' nights' - Prob: 0.001
│   ├── Token: ' s' - Prob: 0.001
│   ├── Token: ' metres' - Prob: 0.001
│   ├── Token: ' rounds' - Prob: 0.001
│   ├── Token: ' moment' - Prob: 0.001
│   ├── Token: ' words' - Prob: 0.001
│   ├── Token: ' turns' - Prob: 0.000
│   ├── Token: ' blocks' - Prob: 0.000
│   ├── Token: ' beats' - Prob: 0.000
│   └── Token: ' few' - Prob: 0.000
├── Step 6
│   ├── Token: ' minutes' - Prob: 0.485
│   ├── Token: ' seconds' - Prob: 0.165
│   ├── Token: ' moments' - Prob: 0.150
│   ├── Token: ' hours' - Prob: 0.039
│   ├── Token: ' days' - Prob: 0.016
│   ├── Token: ' breaths' - Prob: 0.016
│   ├── Token: ' years' - Prob: 0.013
│   ├── Token: ' laps' - Prob: 0.005
│   ├── Token: ' months' - Prob: 0.004
│   ├── Token: ' weeks' - Prob: 0.004
│   ├── Token: ' tries' - Prob: 0.003
│   ├── Token: ' steps' - Prob: 0.003
│   ├── Token: ',' - Prob: 0.002
│   ├── Token: ' times' - Prob: 0.002
│   ├── Token: ' feet' - Prob: 0.002
│   ├── Token: ' attempts' - Prob: 0.002
│   ├── Token: ' turns' - Prob: 0.002
│   ├── Token: ' inches' - Prob: 0.002
│   ├── Token: ' yards' - Prob: 0.002
│   ├── Token: ' rounds' - Prob: 0.001
│   ├── Token: ' metres' - Prob: 0.001
│   ├── Token: ' minute' - Prob: 0.001
│   ├── Token: ' bites' - Prob: 0.001
│   ├── Token: ' long' - Prob: 0.001
│   ├── Token: ' p' - Prob: 0.001
│   ├── Token: '.' - Prob: 0.001
│   ├── Token: ' shots' - Prob: 0.001
│   ├── Token: ' words' - Prob: 0.001
│   ├── Token: ' miles' - Prob: 0.001
│   ├── Token: ' rows' - Prob: 0.001
│   ├── Token: ' solid' - Prob: 0.001
│   ├── Token: ' min' - Prob: 0.001
│   ├── Token: ' beats' - Prob: 0.001
│   ├── Token: ' snaps' - Prob: 0.001
│   ├── Token: ' strides' - Prob: 0.001
│   ├── Token: ' and' - Prob: 0.001
│   ├── Token: ' periods' - Prob: 0.001
│   ├── Token: ' agon' - Prob: 0.001
│   ├── Token: ' ticks' - Prob: 0.001
│   ├── Token: ' of' - Prob: 0.001
│   ├── Token: ' moves' - Prob: 0.001
│   ├── Token: ' few' - Prob: 0.001
│   ├── Token: ' stretches' - Prob: 0.001
│   ├── Token: ' reps' - Prob: 0.000
│   ├── Token: ' nights' - Prob: 0.000
│   ├── Token: ' short' - Prob: 0.000
│   ├── Token: ' reasons' - Prob: 0.000
│   ├── Token: ' sessions' - Prob: 0.000
│   ├── Token: ' frames' - Prob: 0.000
│   └── Token: ' s' - Prob: 0.000
├── Step 7
│   ├── Token: ',' - Prob: 0.281
│   ├── Token: ' before' - Prob: 0.240
│   ├── Token: '.' - Prob: 0.199
│   ├── Token: ' and' - Prob: 0.051
│   ├── Token: ' until' - Prob: 0.043
│   ├── Token: ' as' - Prob: 0.020
│   ├── Token: ' while' - Prob: 0.016
│   ├── Token: ' in' - Prob: 0.013
│   ├── Token: ' after' - Prob: 0.012
│   ├── Token: ' with' - Prob: 0.010
│   ├── Token: ' to' - Prob: 0.009
│   ├── Token: ' of' - Prob: 0.006
│   ├── Token: ' without' - Prob: 0.006
│   ├── Token: ' then' - Prob: 0.005
│   ├── Token: ' but' - Prob: 0.004
│   ├── Token: ' on' - Prob: 0.004
│   ├── Token: ';' - Prob: 0.004
│   ├── Token: ' at' - Prob: 0.004
│   ├── Token: ' (' - Prob: 0.003
│   ├── Token: ' or' - Prob: 0.003
│   ├── Token: ' trying' - Prob: 0.002
│   ├── Token: ' when' - Prob: 0.002
│   ├── Token: '."' - Prob: 0.002
│   ├── Token: ' waiting' - Prob: 0.002
│   ├── Token: '—' - Prob: 0.002
│   ├── Token: ' during' - Prob: 0.002
│   ├── Token: ' because' - Prob: 0.001
│   ├── Token: ' than' - Prob: 0.001
│   ├── Token: ' so' - Prob: 0.001
│   ├── Token: ' -' - Prob: 0.001
│   ├── Token: ' –' - Prob: 0.001
│   ├── Token: ' looking' - Prob: 0.001
│   ├── Token: ' till' - Prob: 0.001
│   ├── Token: ' —' - Prob: 0.001
│   ├── Token: ' that' - Prob: 0.001
│   ├── Token: ' for' - Prob: 0.001
│   ├── Token: ' just' - Prob: 0.001
│   ├── Token: '...' - Prob: 0.001
│   ├── Token: '…' - Prob: 0.001
│   ├── Token: ' prior' - Prob: 0.001
│   ├── Token: ' under' - Prob: 0.001
│   ├── Token: '
│   │   ' - Prob: 0.001
│   ├── Token: ' afterwards' - Prob: 0.001
│   ├── Token: ' like' - Prob: 0.001
│   ├── Token: ',"' - Prob: 0.001
│   ├── Token: ' following' - Prob: 0.001
│   ├── Token: ':' - Prob: 0.001
│   ├── Token: ' watching' - Prob: 0.001
│   ├── Token: ' afterward' - Prob: 0.001
│   └── Token: ' where' - Prob: 0.001
├── Step 8
│   ├── Token: ' he' - Prob: 0.342
│   ├── Token: ' the' - Prob: 0.107
│   ├── Token: ' his' - Prob: 0.098
│   ├── Token: ' it' - Prob: 0.076
│   ├── Token: ' she' - Prob: 0.034
│   ├── Token: ' finally' - Prob: 0.027
│   ├── Token: ' a' - Prob: 0.026
│   ├── Token: ' they' - Prob: 0.020
│   ├── Token: ',' - Prob: 0.013
│   ├── Token: ' I' - Prob: 0.008
│   ├── Token: ' its' - Prob: 0.006
│   ├── Token: ' her' - Prob: 0.006
│   ├── Token: ' one' - Prob: 0.006
│   ├── Token: ' we' - Prob: 0.006
│   ├── Token: ' after' - Prob: 0.005
│   ├── Token: ' an' - Prob: 0.005
│   ├── Token: ' someone' - Prob: 0.004
│   ├── Token: ' eventually' - Prob: 0.004
│   ├── Token: ' at' - Prob: 0.003
│   ├── Token: ' this' - Prob: 0.003
│   ├── Token: ' that' - Prob: 0.002
│   ├── Token: ' then' - Prob: 0.002
│   ├── Token: ' about' - Prob: 0.002
│   ├── Token: ' there' - Prob: 0.002
│   ├── Token: ' all' - Prob: 0.002
│   ├── Token: ' being' - Prob: 0.002
│   ├── Token: ' May' - Prob: 0.002
│   ├── Token: ' their' - Prob: 0.002
│   ├── Token: ' my' - Prob: 0.001
│   ├── Token: ' some' - Prob: 0.001
│   ├── Token: ' April' - Prob: 0.001
│   ├── Token: ' last' - Prob: 0.001
│   ├── Token: ' when' - Prob: 0.001
│   ├── Token: ' just' - Prob: 0.001
│   ├── Token: ' two' - Prob: 0.001
│   ├── Token: ' August' - Prob: 0.001
│   ├── Token: ' Mr' - Prob: 0.001
│   ├── Token: ' in' - Prob: 0.001
│   ├── Token: ' morning' - Prob: 0.001
│   ├── Token: ' dawn' - Prob: 0.001
│   ├── Token: ' doctors' - Prob: 0.001
│   ├── Token: ' on' - Prob: 0.001
│   ├── Token: ' Dr' - Prob: 0.001
│   ├── Token: ' something' - Prob: 0.001
│   ├── Token: ' another' - Prob: 0.001
│   ├── Token: ' September' - Prob: 0.001
│   ├── Token: ' police' - Prob: 0.001
│   ├── Token: ' people' - Prob: 0.001
│   ├── Token: ' October' - Prob: 0.001
│   └── Token: ' you' - Prob: 0.001
├── Step 9
│   ├── Token: ' finally' - Prob: 0.192
│   ├── Token: ' was' - Prob: 0.185
│   ├── Token: ' died' - Prob: 0.039
│   ├── Token: ' had' - Prob: 0.032
│   ├── Token: ' came' - Prob: 0.030
│   ├── Token: ' could' - Prob: 0.028
│   ├── Token: ' got' - Prob: 0.023
│   ├── Token: ' found' - Prob: 0.022
│   ├── Token: ' gave' - Prob: 0.016
│   ├── Token: ' returned' - Prob: 0.015
│   ├── Token: ' woke' - Prob: 0.013
│   ├── Token: ' eventually' - Prob: 0.012
│   ├── Token: ' decided' - Prob: 0.009
│   ├── Token: ' became' - Prob: 0.009
│   ├── Token: ' passed' - Prob: 0.009
│   ├── Token: ' reached' - Prob: 0.009
│   ├── Token: ' told' - Prob: 0.008
│   ├── Token: ' fell' - Prob: 0.008
│   ├── Token: ' started' - Prob: 0.008
│   ├── Token: ' realized' - Prob: 0.007
│   ├── Token: ' began' - Prob: 0.007
│   ├── Token: ' left' - Prob: 0.006
│   ├── Token: ' heard' - Prob: 0.006
│   ├── Token: ' would' - Prob: 0.006
│   ├── Token: ' felt' - Prob: 0.006
│   ├── Token: ' awoke' - Prob: 0.006
│   ├── Token: ' said' - Prob: 0.006
│   ├── Token: ' arrived' - Prob: 0.005
│   ├── Token: ' couldn' - Prob: 0.005
│   ├── Token: ' stopped' - Prob: 0.005
│   ├── Token: ' asked' - Prob: 0.005
│   ├── Token: ' noticed' - Prob: 0.004
│   ├── Token: ' went' - Prob: 0.004
│   ├── Token: ' saw' - Prob: 0.004
│   ├── Token: ' let' - Prob: 0.004
│   ├── Token: ' calmed' - Prob: 0.004
│   ├── Token: ' agreed' - Prob: 0.004
│   ├── Token: ''d' - Prob: 0.003
│   ├── Token: ' took' - Prob: 0.003
│   ├── Token: ' caught' - Prob: 0.003
│   ├── Token: ' recovered' - Prob: 0.003
│   ├── Token: ' learned' - Prob: 0.003
│   ├── Token: ' turned' - Prob: 0.003
│   ├── Token: ' called' - Prob: 0.003
│   ├── Token: ' managed' - Prob: 0.003
│   ├── Token: ' suddenly' - Prob: 0.003
│   ├── Token: ' needed' - Prob: 0.003
│   ├── Token: ' discovered' - Prob: 0.003
│   ├── Token: ' sat' - Prob: 0.003
│   └── Token: ' did' - Prob: 0.002
└── Step 10
    ├── Token: ' home' - Prob: 0.247
    ├── Token: ' to' - Prob: 0.241
    ├── Token: ' back' - Prob: 0.167
    ├── Token: ' out' - Prob: 0.057
    ├── Token: ' into' - Prob: 0.028
    ├── Token: ' down' - Prob: 0.025
    ├── Token: ' in' - Prob: 0.019
    ├── Token: ' up' - Prob: 0.018
    ├── Token: ' and' - Prob: 0.017
    ├── Token: ' over' - Prob: 0.016
    ├── Token: '.' - Prob: 0.015
    ├── Token: ' around' - Prob: 0.012
    ├── Token: ' across' - Prob: 0.008
    ├── Token: ',' - Prob: 0.006
    ├── Token: ' on' - Prob: 0.006
    ├── Token: ' upon' - Prob: 0.005
    ├── Token: ' for' - Prob: 0.004
    ├── Token: ' along' - Prob: 0.004
    ├── Token: ' off' - Prob: 0.004
    ├── Token: ' near' - Prob: 0.003
    ├── Token: ' with' - Prob: 0.003
    ├── Token: ' within' - Prob: 0.003
    ├── Token: ' clean' - Prob: 0.003
    ├── Token: ' by' - Prob: 0.003
    ├── Token: ' through' - Prob: 0.002
    ├── Token: ' close' - Prob: 0.002
    ├── Token: ' again' - Prob: 0.002
    ├── Token: ' from' - Prob: 0.002
    ├── Token: ' under' - Prob: 0.002
    ├── Token: ' away' - Prob: 0.002
    ├── Token: ' outside' - Prob: 0.002
    ├── Token: ' downstairs' - Prob: 0.002
    ├── Token: ' at' - Prob: 0.002
    ├── Token: ' after' - Prob: 0.002
    ├── Token: ' inside' - Prob: 0.001
    ├── Token: ' alive' - Prob: 0.001
    ├── Token: ' running' - Prob: 0.001
    ├── Token: ' too' - Prob: 0.001
    ├── Token: ' a' - Prob: 0.001
    ├── Token: ' crawling' - Prob: 0.001
    ├── Token: ' round' - Prob: 0.001
    ├── Token: ' of' - Prob: 0.001
    ├── Token: ' calling' - Prob: 0.001
    ├── Token: ' aboard' - Prob: 0.001
    ├── Token: ' here' - Prob: 0.001
    ├── Token: ' as' - Prob: 0.001
    ├── Token: ' right' - Prob: 0.001
    ├── Token: ' forward' - Prob: 0.001
    ├── Token: ' the' - Prob: 0.001
    └── Token: ' about' - Prob: 0.001

==== Final Generated Sequences ====
Regular: The cat sat on the floor, and the cat was still asleep.
Custom:  The cat sat on his shoulder for several more days until she came into
